<?xml version="1.0" encoding="UTF-8"?>
<!-- Generated by org.testng.reporters.JUnitReportReporter -->
<testsuite hostname="LAPTOP-DGL6EHO7" failures="0" tests="1" name="extentReorts.ExtentReportDemo" time="1.066" errors="0" timestamp="2024-03-23T17:42:42 IST" skipped="0">
  <testcase classname="extentReorts.ExtentReportDemo" name="ExtentreporDemo3" time="1.066"/>
  <system-out/>
</testsuite> <!-- extentReorts.ExtentReportDemo -->
